Arguments: 
  C:\Program Files\nodejs\node.exe C:\Users\Jawahr\AppData\Roaming\npm\node_modules\yarn\bin\yarn.js add express body-parser nodemon morgan mongoose concurrently babel-cli babel-preset-env babel-preset-stage0

PATH: 
  E:\apache-ant-1.10.5\bin;C:\Program Files (x86)\Common Files\Oracle\Java\javapath;C:\Program Files (x86)\Common Files\Intel\Shared Libraries\redist\intel64_win\compiler;C:\Program Files (x86)\Intel\iCLS Client\;C:\Program Files\Intel\iCLS Client\;C:\WINDOWS\system32;C:\WINDOWS;C:\WINDOWS\System32\Wbem;C:\WINDOWS\System32\WindowsPowerShell\v1.0\;C:\Program Files (x86)\Intel\Intel(R) Management Engine Components\DAL;C:\Program Files\Intel\Intel(R) Management Engine Components\DAL;C:\Program Files (x86)\Intel\Intel(R) Management Engine Components\IPT;C:\Program Files\Intel\Intel(R) Management Engine Components\IPT;C:\WINDOWS\System32\OpenSSH\;C:\Program Files\MongoDB\Server\4.0\bin;C:\Program Files (x86)\GtkSharp\2.12\bin;C:\Program Files\Git\cmd;C:\Program Files\Git\mingw64\bin;C:\Program Files\Git\usr\bin;C:\Program Files\nodejs\;C:\Users\Jawahr\AppData\Local\Programs\Python\Python37-32\Scripts\;C:\Users\Jawahr\AppData\Local\Programs\Python\Python37-32\;C:\RailsInstaller\Git\cmd;C:\RailsInstaller\Ruby2.2.0\bin;C:\Users\Jawahr\AppData\Local\Microsoft\WindowsApps;C:\Users\Jawahr\AppData\Local\atom\bin;C:\Python27;C:\Users\Jawahr\AppData\Local\GitHubDesktop\bin;C:\Program Files\MySQL\MySQL Server 8.0\bin;C:\Users\Jawahr\AppData\Local\Microsoft\WindowsApps;C:\Users\Jawahr\AppData\Local\Programs\Microsoft VS Code\bin;C:\Users\Jawahr\AppData\Roaming\npm

Yarn version: 
  1.9.4

Node version: 
  10.9.0

Platform: 
  win32 x64

Trace: 
  Error: https://registry.yarnpkg.com/babel-preset-stage0: Not found
      at Request.params.callback [as _callback] (C:\Users\Jawahr\AppData\Roaming\npm\node_modules\yarn\lib\cli.js:64202:18)
      at Request.self.callback (C:\Users\Jawahr\AppData\Roaming\npm\node_modules\yarn\lib\cli.js:137468:22)
      at Request.emit (events.js:182:13)
      at Request.<anonymous> (C:\Users\Jawahr\AppData\Roaming\npm\node_modules\yarn\lib\cli.js:138440:10)
      at Request.emit (events.js:182:13)
      at IncomingMessage.<anonymous> (C:\Users\Jawahr\AppData\Roaming\npm\node_modules\yarn\lib\cli.js:138362:12)
      at Object.onceWrapper (events.js:273:13)
      at IncomingMessage.emit (events.js:187:15)
      at endReadableNT (_stream_readable.js:1085:12)
      at process._tickCallback (internal/process/next_tick.js:63:19)

npm manifest: 
  {
    "name": "Full-stack-nodejs-reactjs-mongodb",
    "version": "1.0.0",
    "main": "index.js",
    "repository": "https://github/jawakarD/Full-stack-nodejs-reactjs-mongodb",
    "author": "jawakar <jawakarsmith@gmail.com>",
    "license": "MIT",
    "private": false
  }

yarn manifest: 
  No manifest

Lockfile: 
  No lockfile
